<?xml version="1.0" encoding="UTF-8"?>
<!-- Generated by org.testng.reporters.JUnitReportReporter -->
<testsuite ignored="0" hostname="BLR-AA202997" failures="0" tests="1" name="com.learnautomation.testcases.LoginTestCRM" time="4.552" errors="0" timestamp="01 Apr 2021 02:47:12 GMT" skipped="0">
  <testcase classname="com.learnautomation.testcases.LoginTestCRM" name="loginApp" time="4.552"/>
</testsuite> <!-- com.learnautomation.testcases.LoginTestCRM -->
